<?xml version="1.0" encoding="UTF-8"?>
<testng-results ignored="0" total="1" passed="1" failed="0" skipped="0">
  <reporter-output>
  </reporter-output>
  <suite started-at="2026-02-03T16:31:30 IST" name="Suite" finished-at="2026-02-03T16:31:39 IST" duration-ms="9122">
    <groups>
    </groups>
    <test started-at="2026-02-03T16:31:30 IST" name="Test" finished-at="2026-02-03T16:31:39 IST" duration-ms="9122">
      <class name="scripts.LoginTest">
        <test-method is-config="true" signature="openApp()[pri:0, instance:scripts.LoginTest@7cc0cdad]" started-at="2026-02-03T16:31:30 IST" name="openApp" finished-at="2026-02-03T16:31:37 IST" duration-ms="7035" status="PASS">
          <reporter-output>
          </reporter-output>
        </test-method> <!-- openApp -->
        <test-method signature="validateLogin()[pri:0, instance:scripts.LoginTest@7cc0cdad]" started-at="2026-02-03T16:31:37 IST" name="validateLogin" finished-at="2026-02-03T16:31:39 IST" duration-ms="1604" status="PASS">
          <reporter-output>
          </reporter-output>
        </test-method> <!-- validateLogin -->
        <test-method is-config="true" signature="closeApp()[pri:0, instance:scripts.LoginTest@7cc0cdad]" started-at="2026-02-03T16:31:39 IST" name="closeApp" finished-at="2026-02-03T16:31:39 IST" duration-ms="429" status="PASS">
          <reporter-output>
          </reporter-output>
        </test-method> <!-- closeApp -->
      </class> <!-- scripts.LoginTest -->
    </test> <!-- Test -->
  </suite> <!-- Suite -->
</testng-results>
